adns debug [2264]: using nameserver 172.18.45.6
v4.chiark.greenend.org.uk flags 0 type 1 A(-) submitted
v4.chiark.greenend.org.uk flags 0 type 2 NS(raw) submitted
v4.chiark.greenend.org.uk flags 0 type 5 CNAME(-) submitted
v4.chiark.greenend.org.uk flags 0 type 6 SOA(raw) submitted
v4.chiark.greenend.org.uk flags 0 type 12 PTR(raw) submitted
v4.chiark.greenend.org.uk flags 0 type 13 HINFO(-) submitted
v4.chiark.greenend.org.uk flags 0 type 15 MX(raw) submitted
v4.chiark.greenend.org.uk flags 0 type 16 TXT(-) submitted
v4.chiark.greenend.org.uk flags 0 type 17 RP(raw) submitted
v4.chiark.greenend.org.uk flags 0 type 65537 A(addr) submitted
v4.chiark.greenend.org.uk flags 0 type 65538 NS(+addr) submitted
v4.chiark.greenend.org.uk flags 0 type 65548 PTR(checked) submitted
v4.chiark.greenend.org.uk flags 0 type 65551 MX(+addr) submitted
v4.chiark.greenend.org.uk flags 0 type 131078 SOA(822) submitted
v4.chiark.greenend.org.uk flags 0 type 131089 RP(822) submitted
v4.chiark.greenend.org.uk flags 0 type PTR(checked): Domain invalid for particular DNS query type; nrrs=0; cname=$; owner=$; ttl=-1499395200
v4.chiark.greenend.org.uk flags 0 type A(-): No such domain; nrrs=0; cname=$; owner=$; ttl=-1499999700
v4.chiark.greenend.org.uk flags 0 type NS(raw): No such domain; nrrs=0; cname=$; owner=$; ttl=-1499999700
v4.chiark.greenend.org.uk flags 0 type CNAME(-): No such domain; nrrs=0; cname=$; owner=$; ttl=-1499999700
v4.chiark.greenend.org.uk flags 0 type SOA(raw): No such domain; nrrs=0; cname=$; owner=$; ttl=-1500000000
v4.chiark.greenend.org.uk flags 0 type PTR(raw): No such domain; nrrs=0; cname=$; owner=$; ttl=-1499999700
v4.chiark.greenend.org.uk flags 0 type HINFO(-): No such domain; nrrs=0; cname=$; owner=$; ttl=-1499999700
v4.chiark.greenend.org.uk flags 0 type MX(raw): No such domain; nrrs=0; cname=$; owner=$; ttl=-1499999700
v4.chiark.greenend.org.uk flags 0 type TXT(-): No such domain; nrrs=0; cname=$; owner=$; ttl=-1499999700
v4.chiark.greenend.org.uk flags 0 type RP(raw): No such domain; nrrs=0; cname=$; owner=$; ttl=-1499999700
v4.chiark.greenend.org.uk flags 0 type MX(+addr): No such domain; nrrs=0; cname=$; owner=$; ttl=-1499999700
v4.chiark.greenend.org.uk flags 0 type NS(+addr): No such domain; nrrs=0; cname=$; owner=$; ttl=-1499999700
v4.chiark.greenend.org.uk flags 0 type RP(822): No such domain; nrrs=0; cname=$; owner=$; ttl=-1499999700
v4.chiark.greenend.org.uk flags 0 type SOA(822): No such domain; nrrs=0; cname=$; owner=$; ttl=-1500000000
v4.chiark.greenend.org.uk flags 0 type A(addr): No such domain; nrrs=0; cname=$; owner=$; ttl=-1499999700
rc=0
